<?xml version="1.0" encoding="UTF-8"?>
<!-- Generated by org.testng.reporters.JUnitXMLReporter -->
<testsuite ignored="0" hostname="Rakesh-PC" failures="0" tests="5" name="Default test" time="0.108" errors="0" timestamp="2020-08-14T17:51:18 IST">
  <testcase classname="pack1.priority" name="instagram" time="0.02"/>
  <testcase classname="pack1.priority" name="google" time="0.002"/>
  <testcase classname="pack1.priority" name="hotmail" time="0.002"/>
  <testcase classname="pack1.priority" name="facebook" time="0.002"/>
  <testcase classname="pack1.priority" name="yahoo" time="0.001"/>
</testsuite> <!-- Default test -->
