<?xml version="1.0" encoding="UTF-8"?>
<!-- Generated by org.testng.reporters.JUnitXMLReporter -->
<testsuite ignored="0" hostname="Rakesh-PC" failures="0" tests="3" name="default" time="6.461" errors="0" timestamp="2020-08-13T16:13:14 IST">
  <testcase classname="pack1.optional_parameter_passing" name="openbrowser" time="2.536"/>
  <testcase classname="pack1.optional_parameter_passing" name="geturl" time="3.183"/>
  <testcase classname="pack1.optional_parameter_passing" name="login" time="0.728"/>
</testsuite> <!-- default -->
