<?xml version="1.0" encoding="UTF-8"?>
<!-- Generated by org.testng.reporters.JUnitXMLReporter -->
<testsuite ignored="0" hostname="Rakesh-PC" failures="0" tests="7" name="Parallel Tests" time="15.948" errors="0" timestamp="2020-08-17T16:19:29 IST">
  <testcase classname="pack1.priority" name="instagram" time="0.005"/>
  <testcase classname="pack1.priority" name="google" time="0.004"/>
  <testcase classname="pack1.priority" name="hotmail" time="0.01"/>
  <testcase classname="pack1.priority" name="facebook" time="0.01"/>
  <testcase classname="pack1.priority" name="yahoo" time="0.004"/>
  <testcase classname="pack1.parallel_demo" name="test1" time="6.589"/>
  <testcase classname="pack1.parallel_demo" name="test2" time="9.233"/>
</testsuite> <!-- Parallel Tests -->
