<?xml version="1.0" encoding="UTF-8"?>
<!-- Generated by org.testng.reporters.JUnitXMLReporter -->
<testsuite ignored="0" hostname="Rakesh-PC" failures="1" tests="5" name="Test" time="13.359" errors="0" timestamp="2020-08-17T19:12:20 IST">
  <testcase classname="pack1.priority" name="instagram" time="0.019"/>
  <testcase classname="pack1.priority" name="google" time="0.005"/>
  <testcase classname="pack1.priority" name="hotmail" time="0.003"/>
  <testcase classname="pack1.priority" name="facebook" time="0.003">
    <failure type="java.lang.Error" message="Unresolved compilation problem: 
	Syntax error, insert &amp;quot;;&amp;quot; to complete BlockStatements
">
      <![CDATA[java.lang.Error: Unresolved compilation problem: 
Syntax error, insert ";" to complete BlockStatements

at pack1.priority.facebook(priority.java:16)
at java.base/java.util.ArrayList.forEach(ArrayList.java:1511)
... Removed 27 stack frames]]>
    </failure>
  </testcase> <!-- facebook -->
  <testcase classname="pack1.priority" name="yahoo" time="0.004"/>
</testsuite> <!-- Test -->
