<?xml version="1.0" encoding="UTF-8"?>
<!-- Generated by org.testng.reporters.JUnitXMLReporter -->
<testsuite ignored="2" hostname="Rakesh-PC" failures="0" tests="4" name="Test" time="0.134" errors="0" timestamp="2020-08-12T14:57:29 IST">
  <testcase classname="pack1.bank" name="balance_check" time="0.023"/>
  <testcase classname="pack1.bank" name="mini_statement" time="0.003"/>
  <testcase classname="pack1.Test2" name="web_login1" time="0.002"/>
  <testcase classname="pack1.Test3" name="mobile" time="0.002"/>
  <testcase classname="pack1.Test2" name="web_login2" time="0.0">
    <ignored/>
  </testcase> <!-- web_login2 -->
  <testcase classname="pack1.Test2" name="web_login3" time="0.0">
    <ignored/>
  </testcase> <!-- web_login3 -->
</testsuite> <!-- Test -->
