<?xml version="1.0" encoding="UTF-8"?>
<testng-results ignored="0" total="5" passed="4" failed="1" skipped="0">
  <reporter-output>
    <line>
      <![CDATA[Instagram task completed..]]>
    </line>
    <line>
      <![CDATA[Hotmail task completed..]]>
    </line>
  </reporter-output>
  <suite started-at="2020-08-17T19:12:07 IST" name="Suite" finished-at="2020-08-17T19:12:20 IST" duration-ms="13359">
    <groups>
    </groups>
    <test started-at="2020-08-17T19:12:07 IST" name="Test" finished-at="2020-08-17T19:12:20 IST" duration-ms="13359">
      <class name="pack1.priority">
        <test-method signature="instagram()[pri:-1, instance:pack1.priority@4b44655e]" started-at="2020-08-17T19:12:07 IST" name="instagram" finished-at="2020-08-17T19:12:07 IST" duration-ms="19" status="PASS">
          <reporter-output>
            <line>
              <![CDATA[Instagram task completed..]]>
            </line>
          </reporter-output>
        </test-method> <!-- instagram -->
        <test-method signature="google()[pri:0, instance:pack1.priority@4b44655e]" started-at="2020-08-17T19:12:07 IST" name="google" finished-at="2020-08-17T19:12:07 IST" duration-ms="5" status="PASS">
          <reporter-output>
          </reporter-output>
        </test-method> <!-- google -->
        <test-method signature="hotmail()[pri:0, instance:pack1.priority@4b44655e]" started-at="2020-08-17T19:12:07 IST" name="hotmail" finished-at="2020-08-17T19:12:07 IST" duration-ms="3" status="PASS">
          <reporter-output>
            <line>
              <![CDATA[Hotmail task completed..]]>
            </line>
          </reporter-output>
        </test-method> <!-- hotmail -->
        <test-method signature="facebook()[pri:1, instance:pack1.priority@4b44655e]" started-at="2020-08-17T19:12:07 IST" name="facebook" finished-at="2020-08-17T19:12:07 IST" duration-ms="3" status="FAIL">
          <exception class="java.lang.Error">
            <message>
              <![CDATA[Unresolved compilation problem: 
Syntax error, insert ";" to complete BlockStatements
]]>
            </message>
            <full-stacktrace>
              <![CDATA[java.lang.Error: Unresolved compilation problem: 
Syntax error, insert ";" to complete BlockStatements

at pack1.priority.facebook(priority.java:16)
at java.base/jdk.internal.reflect.NativeMethodAccessorImpl.invoke0(Native Method)
at java.base/jdk.internal.reflect.NativeMethodAccessorImpl.invoke(NativeMethodAccessorImpl.java:62)
at java.base/jdk.internal.reflect.DelegatingMethodAccessorImpl.invoke(DelegatingMethodAccessorImpl.java:43)
at java.base/java.lang.reflect.Method.invoke(Method.java:564)
at org.testng.internal.MethodInvocationHelper.invokeMethod(MethodInvocationHelper.java:132)
at org.testng.internal.TestInvoker.invokeMethod(TestInvoker.java:599)
at org.testng.internal.TestInvoker.invokeTestMethod(TestInvoker.java:174)
at org.testng.internal.MethodRunner.runInSequence(MethodRunner.java:46)
at org.testng.internal.TestInvoker$MethodInvocationAgent.invoke(TestInvoker.java:822)
at org.testng.internal.TestInvoker.invokeTestMethods(TestInvoker.java:147)
at org.testng.internal.TestMethodWorker.invokeTestMethods(TestMethodWorker.java:146)
at org.testng.internal.TestMethodWorker.run(TestMethodWorker.java:128)
at java.base/java.util.ArrayList.forEach(ArrayList.java:1511)
at org.testng.TestRunner.privateRun(TestRunner.java:764)
at org.testng.TestRunner.run(TestRunner.java:585)
at org.testng.SuiteRunner.runTest(SuiteRunner.java:384)
at org.testng.SuiteRunner.runSequentially(SuiteRunner.java:378)
at org.testng.SuiteRunner.privateRun(SuiteRunner.java:337)
at org.testng.SuiteRunner.run(SuiteRunner.java:286)
at org.testng.SuiteRunnerWorker.runSuite(SuiteRunnerWorker.java:53)
at org.testng.SuiteRunnerWorker.run(SuiteRunnerWorker.java:96)
at org.testng.TestNG.runSuitesSequentially(TestNG.java:1218)
at org.testng.TestNG.runSuitesLocally(TestNG.java:1140)
at org.testng.TestNG.runSuites(TestNG.java:1069)
at org.testng.TestNG.run(TestNG.java:1037)
at org.testng.remote.AbstractRemoteTestNG.run(AbstractRemoteTestNG.java:115)
at org.testng.remote.RemoteTestNG.initAndRun(RemoteTestNG.java:251)
at org.testng.remote.RemoteTestNG.main(RemoteTestNG.java:77)
]]>
            </full-stacktrace>
          </exception> <!-- java.lang.Error -->
          <reporter-output>
          </reporter-output>
        </test-method> <!-- facebook -->
        <test-method signature="yahoo()[pri:2, instance:pack1.priority@4b44655e]" started-at="2020-08-17T19:12:20 IST" name="yahoo" finished-at="2020-08-17T19:12:20 IST" duration-ms="4" status="PASS">
          <reporter-output>
          </reporter-output>
        </test-method> <!-- yahoo -->
      </class> <!-- pack1.priority -->
    </test> <!-- Test -->
  </suite> <!-- Suite -->
</testng-results>
